\BOOKMARK [2][-]{section*.1}{\376\377\000L\000a\000n\000d}{}% 1
\BOOKMARK [2][-]{section*.5}{\376\377\000I\000r\000r\000i\000g\000a\000t\000i\000o\000n}{}% 2
\BOOKMARK [3][-]{section*.7}{\376\377\000I\000r\000r\000i\000g\000a\000t\000i\000o\000n\000\040\000i\000n\000\040\000h\000o\000u\000r\000s}{section*.5}% 3
\BOOKMARK [2][-]{section*.11}{\376\377\000I\000r\000r\000i\000g\000a\000t\000i\000o\000n\000\040\000I\000n\000t\000e\000n\000s\000i\000t\000y}{}% 4
\BOOKMARK [2][-]{section*.14}{\376\377\000F\000r\000e\000q\000u\000e\000n\000c\000y\000\040\000o\000f\000\040\000h\000o\000u\000s\000e\000h\000o\000l\000d\000s\000\040\000w\000h\000o\000\040\000i\000r\000r\000i\000g\000a\000t\000e}{}% 5
\BOOKMARK [2][-]{section*.16}{\376\377\000F\000u\000e\000l\000\040\000u\000s\000e}{}% 6
\BOOKMARK [2][-]{section*.19}{\376\377\000F\000r\000e\000q\000u\000e\000n\000c\000y\000\040\000o\000f\000\040\000h\000o\000u\000s\000e\000h\000o\000l\000d\000s\000\040\000w\000h\000o\000\040\000u\000s\000e\000\040\000f\000u\000e\000l}{}% 7
\BOOKMARK [2][-]{section*.21}{\376\377\000A\000q\000u\000a\000c\000u\000l\000t\000u\000r\000e}{}% 8
\BOOKMARK [1][-]{section*.25}{\376\377\000A\000v\000g\000.\000I\000r\000r\000i\000g\000a\000t\000i\000o\000n\000\040\000h\000o\000u\000r\000s\000\040\0006\000.\0002}{}% 9
\BOOKMARK [1][-]{section*.26}{\376\377\000I\000r\000r\000i\000g\000a\000t\000i\000o\000n\000\040\000h\000o\000u\000r\000s\000\040\000Y\000E\000A\000R}{}% 10
\BOOKMARK [2][-]{section*.27}{\376\377\000s\000a\000p\000t\000a\000r\000i}{section*.26}% 11
\BOOKMARK [3][-]{section*.28}{\376\377\000I\000r\000r\000i\000g\000a\000t\000i\000o\000n\000\040\000h\000o\000u\000r\000s\000\040\000Y\000E\000A\000R}{section*.27}% 12
\BOOKMARK [3][-]{section*.29}{\376\377\000R\000a\000u\000t\000a\000h\000a\000t\000\040\000B\000a\000r\000a\000\040\000S\000a\000r\000l\000a\000h\000i}{section*.27}% 13
\BOOKMARK [1][-]{section*.30}{\376\377\000I\000r\000r\000i\000g\000a\000t\000i\000o\000n\000\040\000d\000a\000y\000s\000\040\000Y\000E\000A\000R}{}% 14
\BOOKMARK [2][-]{section*.31}{\376\377\000s\000a\000p\000t\000a\000r\000i}{section*.30}% 15
\BOOKMARK [1][-]{section*.32}{\376\377\000I\000r\000r\000i\000g\000a\000t\000i\000o\000n\000\040\000d\000a\000y\000s\000\040\000Y\000E\000A\000R\000\040\000R\000a\000u\000t\000a\000h\000a\000t\000\040\000B\000a\000r\000a\000\040\000S\000a\000r\000l\000a\000h\000i}{}% 16
\BOOKMARK [1][-]{section*.33}{\376\377\000P\000r\000i\000m\000a\000r\000y\000\040\000p\000u\000m\000p\000\040\000u\000s\000e\000\040\000Y\000E\000A\000R\000\040\000s\000a\000p\000t\000a\000r\000i}{}% 17
\BOOKMARK [1][-]{section*.34}{\376\377\000P\000r\000i\000m\000a\000r\000y\000\040\000p\000u\000m\000p\000\040\000u\000s\000e\000\040\000Y\000E\000A\000R\000\040\000R\000a\000u\000t\000a\000h\000a\000t\000\040\000B\000a\000r\000a\000\040\000S\000a\000r\000l\000a\000h\000i}{}% 18
\BOOKMARK [1][-]{section*.35}{\376\377\000B\000y\000\040\000s\000e\000a\000s\000o\000n\000s}{}% 19
\BOOKMARK [1][-]{section*.36}{\376\377\000I\000r\000r\000i\000g\000a\000t\000i\000o\000n\000\040\000h\000o\000u\000r\000s\000\040\000s\000e\000a\000s\000o\000n\000\040\000s\000a\000p\000t\000a\000r\000i}{}% 20
\BOOKMARK [1][-]{section*.37}{\376\377\000I\000r\000r\000i\000g\000a\000t\000i\000o\000n\000\040\000h\000o\000u\000r\000s\000\040\000s\000e\000a\000s\000o\000n\000\040\000R\000a\000u\000t\000a\000h\000a\000t\000\040\000B\000a\000r\000a\000\040\000S\000a\000r\000l\000a\000h\000i}{}% 21
\BOOKMARK [1][-]{section*.38}{\376\377\000I\000r\000r\000i\000g\000a\000t\000i\000o\000n\000\040\000d\000a\000y\000s\000\040\000s\000e\000a\000s\000o\000n\000\040\000s\000a\000p\000t\000a\000r\000i}{}% 22
\BOOKMARK [1][-]{section*.39}{\376\377\000I\000r\000r\000i\000g\000a\000t\000i\000o\000n\000\040\000d\000a\000y\000s\000\040\000s\000e\000a\000s\000o\000n\000\040\000R\000a\000u\000t\000a\000h\000a\000t\000\040\000B\000a\000r\000a\000\040\000S\000a\000r\000l\000a\000h\000i}{}% 23
\BOOKMARK [1][-]{section*.40}{\376\377\000I\000r\000r\000i\000g\000a\000t\000e\000d\000\040\000l\000a\000n\000d\000\040\000Y\000E\000A\000R\000\040\000s\000a\000p\000t\000a\000r\000i}{}% 24
\BOOKMARK [1][-]{section*.41}{\376\377\000I\000r\000r\000i\000g\000a\000t\000e\000d\000\040\000l\000a\000n\000d\000\040\000Y\000E\000A\000R\000\040\000R\000a\000u\000t\000a\000h\000a\000t\000\040\000B\000a\000r\000a\000\040\000S\000a\000r\000l\000a\000h\000i}{}% 25
\BOOKMARK [1][-]{section*.42}{\376\377\000D\000a\000l\000y\000\040\000m\000o\000n\000i\000t\000o\000r\000i\000n\000g\000\040\000t\000i\000m\000e\000l\000i\000n\000e}{}% 26
\BOOKMARK [2][-]{section*.43}{\376\377\000X\000-\000a\000x\000i\000s\000\040\000-\000\040\000d\000a\000i\000l\000y\000\040\000w\000i\000t\000h\000\040\000s\000e\000a\000s\000o\000n\000\040\000m\000a\000r\000k\000i\000n\000g}{section*.42}% 27
\BOOKMARK [3][-]{section*.44}{\376\377\0001\000.\000\040\000N\000u\000m\000b\000e\000r\000\040\000o\000f\000\040\000h\000o\000u\000r\000s\000\040\000o\000f\000\040\000i\000r\000r\000i\000g\000a\000t\000i\000n\000g\000\040\000d\000a\000i\000l\000y}{section*.43}% 28
\BOOKMARK [3][-]{section*.45}{\376\377\0002\000.\000\040\000T\000h\000e\000\040\000n\000u\000m\000b\000e\000r\000\040\000o\000f\000\040\000f\000a\000r\000m\000e\000r\000s\000\040\000w\000h\000o\000\040\000w\000a\000t\000e\000r\000e\000d\000\040\000e\000a\000c\000h\000\040\000d\000a\000y}{section*.43}% 29
